info: Express server for Users listening on port3000 {"timestamp":"2024-11-11T02:16:06.629Z"}
info: Begin Login User {"timestamp":"2024-11-11T02:36:39.678Z"}
info: Begin Login User {"timestamp":"2024-11-11T02:39:22.547Z"}
info: Express server for Users listening on port3000 {"timestamp":"2024-11-11T02:44:03.892Z"}
info: Begin Login User {"timestamp":"2024-11-11T02:44:44.459Z"}
warn: Invalid password for user: usuario123@example.com {"timestamp":"2024-11-11T02:44:44.505Z"}
info: Begin Login User {"timestamp":"2024-11-11T02:57:13.061Z"}
warn: Invalid password for user: usuario123@example.com {"timestamp":"2024-11-11T02:57:13.080Z"}
info: Express server for Users listening on port3000 {"timestamp":"2024-11-11T03:00:47.752Z"}
info: Begin Login User {"timestamp":"2024-11-11T03:02:18.430Z"}
info: End Login User {"timestamp":"2024-11-11T03:02:18.482Z"}
info: Begin Login User {"timestamp":"2024-11-11T03:09:35.911Z"}
info: End Login User {"timestamp":"2024-11-11T03:09:35.932Z"}
info: Express server for Users listening on port3000 {"timestamp":"2024-11-11T03:18:03.190Z"}
info: Begin Login User {"timestamp":"2024-11-11T03:18:15.663Z"}
info: End Login User {"timestamp":"2024-11-11T03:18:15.708Z"}
info: Express server for Users listening on port3000 {"timestamp":"2024-11-11T03:20:56.377Z"}
info: Express server for Users listening on port3000 {"timestamp":"2024-11-11T03:23:41.204Z"}
info: Express server for Users listening on port3000 {"timestamp":"2024-11-11T03:29:53.086Z"}
info: Express server for Users listening on port3000 {"timestamp":"2024-11-11T03:34:00.342Z"}
info: Express server for Users listening on port3000 {"timestamp":"2024-11-11T03:35:21.132Z"}
info: Express server for Users listening on port3000 {"timestamp":"2024-11-11T03:43:37.652Z"}
info: Express server for Users listening on port3000 {"timestamp":"2024-11-11T03:47:10.174Z"}
info: Inicio Lista de usuarios {"timestamp":"2024-11-11T03:50:19.315Z"}
info: Final lista de usuarios {"timestamp":"2024-11-11T03:50:19.316Z"}
info: Express server for Users listening on port3000 {"timestamp":"2024-11-11T03:51:39.238Z"}
info: Inicio Lista de usuarios {"timestamp":"2024-11-11T03:51:46.171Z"}
info: Final lista de usuarios {"timestamp":"2024-11-11T03:51:46.174Z"}
info: Inicio Lista de usuarios {"timestamp":"2024-11-11T03:54:21.964Z"}
info: Final lista de usuarios {"timestamp":"2024-11-11T03:54:21.965Z"}
info: Express server for Users listening on port3000 {"timestamp":"2024-11-11T03:54:30.041Z"}
info: Inicio Lista de usuarios {"timestamp":"2024-11-11T03:54:36.959Z"}
info: Final lista de usuarios {"timestamp":"2024-11-11T03:54:36.961Z"}
info: Express server for Users listening on port3000 {"timestamp":"2024-11-11T03:55:35.127Z"}
info: Begin List User {"timestamp":"2024-11-11T03:59:54.294Z"}
info: End List User {"timestamp":"2024-11-11T03:59:54.303Z"}
info: Express server for Users listening on port3000 {"timestamp":"2024-11-11T04:02:34.353Z"}
info: Begin List User {"timestamp":"2024-11-11T04:02:38.458Z"}
info: End List User {"timestamp":"2024-11-11T04:02:38.475Z"}
info: Express server for Users listening on port3000 {"timestamp":"2024-11-11T04:04:24.968Z"}
info: End List User {"timestamp":"2024-11-11T04:04:29.081Z"}
info: End List User {"timestamp":"2024-11-11T04:04:38.451Z"}
info: Begin Login User {"timestamp":"2024-11-11T04:04:48.380Z"}
info: End Login User {"timestamp":"2024-11-11T04:04:48.434Z"}
info: End List User {"timestamp":"2024-11-11T04:05:08.791Z"}
info: Begin List User {"timestamp":"2024-11-11T04:06:26.162Z"}
info: End List User {"timestamp":"2024-11-11T04:06:26.169Z"}
info: Begin inactive User {"timestamp":"2024-11-11T04:10:22.716Z"}
info: End inactive User {"timestamp":"2024-11-11T04:10:22.717Z"}
info: Begin Update User {"timestamp":"2024-11-11T04:16:30.026Z"}
info: End Update User {"timestamp":"2024-11-11T04:16:30.026Z"}
info: Begin List User {"timestamp":"2024-11-11T04:17:11.156Z"}
info: End List User {"timestamp":"2024-11-11T04:17:11.162Z"}
info: End List User {"timestamp":"2024-11-11T04:19:27.171Z"}
